<?xml version="1.0" encoding="UTF-8"?>
<testsuite xmlns:xsi="http://www.w3.org/2001/XMLSchema-instance" xsi:noNamespaceSchemaLocation="https://maven.apache.org/surefire/maven-surefire-plugin/xsd/surefire-test-report.xsd" name="com.sg.flooringmastery.dao.FlooringMasteryOrdersDaoFileImplTest" time="0.224" tests="5" errors="0" skipped="0" failures="0">
  <properties>
[...]
</properties>
  <testcase name="testEditOrder" classname="com.sg.flooringmastery.dao.FlooringMasteryOrdersDaoFileImplTest" time="0.098"/>
  <testcase name="testRemoveOrder" classname="com.sg.flooringmastery.dao.FlooringMasteryOrdersDaoFileImplTest" time="0.039"/>
  <testcase name="testAddGetOrder" classname="com.sg.flooringmastery.dao.FlooringMasteryOrdersDaoFileImplTest" time="0.013"/>
  <testcase name="testAddAndGetAllOrderDates" classname="com.sg.flooringmastery.dao.FlooringMasteryOrdersDaoFileImplTest" time="0.031"/>
  <testcase name="testAddGetAllOrders" classname="com.sg.flooringmastery.dao.FlooringMasteryOrdersDaoFileImplTest" time="0.033"/>
</testsuite>